<?xml version="1.0" encoding="UTF-8"?>
<testng-results skipped="0" failed="0" total="2" passed="2">
  <reporter-output>
  </reporter-output>
  <suite name="Default suite" duration-ms="201334" started-at="2017-10-19T16:35:47Z" finished-at="2017-10-19T16:39:08Z">
    <groups>
      <group name="cucumber">
        <method signature="AbstractTestNGCucumberTests.feature(cucumber.api.testng.CucumberFeatureWrapper)[pri:0, instance:cucumberRunner.testNG_Runner@31ef45e3]" name="feature" class="cucumber.api.testng.AbstractTestNGCucumberTests"/>
      </group> <!-- cucumber -->
    </groups>
    <test name="Default test" duration-ms="201334" started-at="2017-10-19T16:35:47Z" finished-at="2017-10-19T16:39:08Z">
      <class name="cucumberRunner.testNG_Runner">
        <test-method status="PASS" signature="beforesuit()[pri:0, instance:cucumberRunner.testNG_Runner@31ef45e3]" name="beforesuit" is-config="true" duration-ms="31" started-at="2017-10-19T22:05:47Z" finished-at="2017-10-19T22:05:47Z">
          <reporter-output>
          </reporter-output>
        </test-method> <!-- beforesuit -->
        <test-method status="PASS" signature="beforeTest()[pri:0, instance:cucumberRunner.testNG_Runner@31ef45e3]" name="beforeTest" is-config="true" duration-ms="0" started-at="2017-10-19T22:05:47Z" finished-at="2017-10-19T22:05:47Z">
          <reporter-output>
          </reporter-output>
        </test-method> <!-- beforeTest -->
        <test-method status="PASS" signature="setUpClass()[pri:0, instance:cucumberRunner.testNG_Runner@31ef45e3]" name="setUpClass" is-config="true" duration-ms="672" started-at="2017-10-19T22:05:47Z" finished-at="2017-10-19T22:05:48Z">
          <reporter-output>
          </reporter-output>
        </test-method> <!-- setUpClass -->
        <test-method status="PASS" signature="beforeClass()[pri:0, instance:cucumberRunner.testNG_Runner@31ef45e3]" name="beforeClass" is-config="true" duration-ms="0" started-at="2017-10-19T22:05:48Z" finished-at="2017-10-19T22:05:48Z">
          <reporter-output>
          </reporter-output>
        </test-method> <!-- beforeClass -->
        <test-method status="PASS" signature="feature(cucumber.api.testng.CucumberFeatureWrapper)[pri:0, instance:cucumberRunner.testNG_Runner@31ef45e3]" name="feature" duration-ms="93435" started-at="2017-10-19T22:05:48Z" description="Runs Cucumber Feature" data-provider="features" finished-at="2017-10-19T22:07:21Z">
          <params>
            <param index="0">
              <value>
                <![CDATA[Verify features of DemoQA HomePage]]>
              </value>
            </param>
          </params>
          <reporter-output>
          </reporter-output>
        </test-method> <!-- feature -->
        <test-method status="PASS" signature="beforeMethod()[pri:0, instance:cucumberRunner.testNG_Runner@31ef45e3]" name="beforeMethod" is-config="true" duration-ms="0" started-at="2017-10-19T22:05:48Z" finished-at="2017-10-19T22:05:48Z">
          <reporter-output>
          </reporter-output>
        </test-method> <!-- beforeMethod -->
        <test-method status="PASS" signature="feature(cucumber.api.testng.CucumberFeatureWrapper)[pri:0, instance:cucumberRunner.testNG_Runner@31ef45e3]" name="feature" duration-ms="106671" started-at="2017-10-19T22:07:21Z" description="Runs Cucumber Feature" data-provider="features" finished-at="2017-10-19T22:09:08Z">
          <params>
            <param index="0">
              <value>
                <![CDATA[Verify Product Category Page]]>
              </value>
            </param>
          </params>
          <reporter-output>
          </reporter-output>
        </test-method> <!-- feature -->
        <test-method status="PASS" signature="beforeMethod()[pri:0, instance:cucumberRunner.testNG_Runner@31ef45e3]" name="beforeMethod" is-config="true" duration-ms="0" started-at="2017-10-19T22:07:21Z" finished-at="2017-10-19T22:07:21Z">
          <reporter-output>
          </reporter-output>
        </test-method> <!-- beforeMethod -->
        <test-method status="PASS" signature="afterMethod()[pri:0, instance:cucumberRunner.testNG_Runner@31ef45e3]" name="afterMethod" is-config="true" duration-ms="0" started-at="2017-10-19T22:07:21Z" finished-at="2017-10-19T22:07:21Z">
          <reporter-output>
          </reporter-output>
        </test-method> <!-- afterMethod -->
        <test-method status="PASS" signature="afterClass()[pri:0, instance:cucumberRunner.testNG_Runner@31ef45e3]" name="afterClass" is-config="true" duration-ms="0" started-at="2017-10-19T22:09:08Z" finished-at="2017-10-19T22:09:08Z">
          <reporter-output>
          </reporter-output>
        </test-method> <!-- afterClass -->
        <test-method status="PASS" signature="tearDownClass()[pri:0, instance:cucumberRunner.testNG_Runner@31ef45e3]" name="tearDownClass" is-config="true" duration-ms="291" started-at="2017-10-19T22:09:08Z" finished-at="2017-10-19T22:09:08Z">
          <reporter-output>
          </reporter-output>
        </test-method> <!-- tearDownClass -->
        <test-method status="PASS" signature="afterMethod()[pri:0, instance:cucumberRunner.testNG_Runner@31ef45e3]" name="afterMethod" is-config="true" duration-ms="0" started-at="2017-10-19T22:09:08Z" finished-at="2017-10-19T22:09:08Z">
          <reporter-output>
          </reporter-output>
        </test-method> <!-- afterMethod -->
        <test-method status="PASS" signature="afterTest()[pri:0, instance:cucumberRunner.testNG_Runner@31ef45e3]" name="afterTest" is-config="true" duration-ms="0" started-at="2017-10-19T22:09:08Z" finished-at="2017-10-19T22:09:08Z">
          <reporter-output>
          </reporter-output>
        </test-method> <!-- afterTest -->
        <test-method status="PASS" signature="aftersuit()[pri:0, instance:cucumberRunner.testNG_Runner@31ef45e3]" name="aftersuit" is-config="true" duration-ms="0" started-at="2017-10-19T22:09:08Z" finished-at="2017-10-19T22:09:08Z">
          <reporter-output>
          </reporter-output>
        </test-method> <!-- aftersuit -->
      </class> <!-- cucumberRunner.testNG_Runner -->
    </test> <!-- Default test -->
  </suite> <!-- Default suite -->
</testng-results>
